Test using: telnet localhost 7023
LISTENING ON PORT 7023
CLIENT CONNECTION RECEIVED
SERVER CONNECTION ESTABLISHED
===[Server]==============================================[size=00003]===
0000  FF FB 01                                          ...             
------------------------------------------------------------------------
SERVER IAC WILL 1 (ECHO)
===[Server]==============================================[size=00018]===
0000  FF FE 01 FF FD 1F FF FB  03 FF FD 03 FF FD 18 FF  ................
0010  FD 27                                             .'              
------------------------------------------------------------------------
SERVER IAC DONT 1 (ECHO)
SERVER IAC DO 31 (NAWS)
SERVER IAC WILL 3 (SGA)
SERVER IAC DO 3 (SGA)
SERVER IAC DO 24 (TTYPE)
SERVER IAC DO 39 (NEW-ENVIRON)
===[Client]==============================================[size=00003]===
0000  FF FD 01                                          ...             
------------------------------------------------------------------------
CLIENT IAC DO 1 (ECHO)
===[Client]==============================================[size=00024]===
0000  FF FB 1F FF FA 1F 00 B3  00 34 FF F0 FF FD 03 FF  .........4......
0010  FB 03 FF FB 18 FF FB 27                           .......'        
------------------------------------------------------------------------
CLIENT IAC WILL 31 (NAWS)
CLIENT SUB 31 (NAWS) [4 bytes]:  [<0x00><0xB3><0x00><0x34>]
CLIENT IAC DO 3 (SGA)
CLIENT IAC WILL 3 (SGA)
CLIENT IAC WILL 24 (TTYPE)
CLIENT IAC WILL 39 (NEW-ENVIRON)
===[Server]==============================================[size=00006]===
0000  FF FA 18 01 FF F0                                 ......          
------------------------------------------------------------------------
SERVER SUB 24 (TTYPE) [1 bytes]:  [<0x01>]
SERVER TTYPE SEND ===[Server]==============================================[size=00008]===
0000  FF FA 27 01 00 03 FF F0                           ..'.....        
------------------------------------------------------------------------
SERVER SUB 39 (NEW-ENVIRON) [3 bytes]:  [<0x01><0x00><0x03>]
SERVER ENVIRON (SEND) [2 parts] VAR " [] USERVAR " []
===[Client]==============================================[size=00011]===
0000  FF FA 18 00 78 74 65 72  6D FF F0                 ....xterm..     
------------------------------------------------------------------------
CLIENT SUB 24 (TTYPE) [6 bytes]:  [<0x00><0x78><0x74><0x65><0x72><0x6D>]
CLIENT TTYPE IS xterm===[Client]==============================================[size=00006]===
0000  FF FA 27 00 FF F0                                 ..'...          
------------------------------------------------------------------------
CLIENT SUB 39 (NEW-ENVIRON) [1 bytes]:  [<0x00>]
CLIENT ENVIRON (IS) [0 parts]
===[Server]==============================================[size=00001]===
0000  5F                                                _               
------------------------------------------------------------------------
SERVER DATA: _ [<0x5F>]
===[Server]==============================================[size=00460]===
0000  5F 5F 5F 5F 5F 5F 5F 5F  5F 5F 5F 5F 5F 5F 5F 5F  ________________
0010  5F 5F 5F 5F 5F 5F 5F 5F  5F 5F 5F 0D 0A 57 65 6C  ___________..Wel
0020  63 6F 6D 65 20 74 6F 20  41 70 61 63 68 65 20 46  come to Apache F
0030  65 6C 69 78 20 47 6F 67  6F 0D 0A 0D 0A 1B 5B 3F  elix Gogo.....[?
0040  31 68 1B 3D 1B 5B 33 36  6D 7E 1B 5B 30 6D 20 20  1h.=.[36m~.[0m  
0050  20 20 20 20 20 20 20 20  20 20 20 20 20 20 20 20                  
0060  20 20 20 20 20 20 20 20  20 20 20 20 20 20 20 20                  
0070  20 20 20 20 20 20 20 20  20 20 20 20 20 20 20 20                  
0080  20 20 20 20 20 20 20 20  20 20 20 20 20 20 20 20                  
0090  20 20 20 20 20 20 20 20  20 20 20 20 20 20 20 20                  
00A0  20 20 20 20 20 20 20 20  20 20 20 20 20 20 20 20                  
00B0  20 20 20 20 20 20 20 20  20 20 20 20 20 20 20 20                  
00C0  20 20 20 20 20 20 20 20  20 20 20 20 20 20 20 20                  
00D0  20 20 20 20 20 20 20 20  20 20 20 20 20 20 20 20                  
00E0  20 20 20 20 20 20 20 20  20 20 20 20 20 20 20 20                  
00F0  20 20 20 20 20 20 20 20  20 20 20 20 20 20 20 20                  
0100  0D 20 0D 1B 5B 3F 32 30  30 34 68 67 21 20 20 20  . ..[?2004hg!   
0110  20 20 20 20 20 20 20 20  20 20 20 20 20 20 20 20                  
0120  20 20 20 20 20 20 20 20  20 20 20 20 20 20 20 20                  
0130  20 20 20 20 20 20 20 20  20 20 20 20 20 20 20 20                  
0140  20 20 20 20 20 20 20 20  20 20 20 20 20 20 20 20                  
0150  20 20 20 20 20 20 20 20  20 20 20 20 20 20 20 20                  
0160  20 20 20 20 20 20 20 20  20 20 20 20 20 20 20 20                  
0170  20 20 20 20 20 20 20 20  20 20 20 20 20 20 20 20                  
0180  20 20 20 20 20 20 20 20  20 20 20 20 20 20 20 20                  
0190  20 20 20 20 20 20 20 20  20 20 20 20 20 20 20 20                  
01A0  20 20 20 20 20 20 20 20  20 20 20 20 20 20 20 20                  
01B0  20 20 20 20 20 20 1B 5B  33 36 6D 31 36 3A 30 35        .[36m16:05
01C0  3A 32 32 1B 5B 30 6D 0D  1B 5B 33 43              :22.[0m..[3C    
------------------------------------------------------------------------
SERVER DATA: ___________________________
Welcome to Apache Felix Gogo

~                                                                                                                                    g!                                                                                                                                       [<0x5F><0x5F><0x5F><0x5F><0x5F><0x5F><0x5F><0x5F><0x5F><0x5F><0x5F><0x5F><0x5F><0x5F><0x5F><0x5F><0x5F><0x5F><0x5F><0x5F><0x5F><0x5F><0x5F><0x5F><0x5F><0x5F><0x5F><0x0D><0x0A>
<0x57><0x65><0x6C><0x63><0x6F><0x6D><0x65><0x20><0x74><0x6F><0x20><0x41><0x70><0x61><0x63><0x68><0x65><0x20><0x46><0x65><0x6C><0x69><0x78><0x20><0x47><0x6F><0x67><0x6F><0x0D><0x0A>
<0x0D><0x0A>
<0x1B><0x5B><0x3F><0x31><0x68><0x1B><0x3D><0x1B><0x5B><0x33><0x36><0x6D><0x7E><0x1B><0x5B><0x30><0x6D><0x20><0x20><0x20><0x20><0x20><0x20><0x20><0x20><0x20><0x20><0x20><0x20><0x20><0x20><0x20><0x20><0x20><0x20><0x20><0x20><0x20><0x20><0x20><0x20><0x20><0x20><0x20><0x20><0x20><0x20><0x20><0x20><0x20><0x20><0x20><0x20><0x20><0x20><0x20><0x20><0x20><0x20><0x20><0x20><0x20><0x20><0x20><0x20><0x20><0x20><0x20><0x20><0x20><0x20><0x20><0x20><0x20><0x20><0x20><0x20><0x20><0x20><0x20><0x20><0x20><0x20><0x20><0x20><0x20><0x20><0x20><0x20><0x20><0x20><0x20><0x20><0x20><0x20><0x20><0x20><0x20><0x20><0x20><0x20><0x20><0x20><0x20><0x20><0x20><0x20><0x20><0x20><0x20><0x20><0x20><0x20><0x20><0x20><0x20><0x20><0x20><0x20><0x20><0x20><0x20><0x20><0x20><0x20><0x20><0x20><0x20><0x20><0x20><0x20><0x20><0x20><0x20><0x20><0x20><0x20><0x20><0x20><0x20><0x20><0x20><0x20><0x20><0x20><0x20><0x20><0x20><0x20><0x20><0x20><0x20><0x20><0x20><0x20><0x20><0x20><0x20><0x20><0x20><0x20><0x20><0x20><0x20><0x20><0x20><0x20><0x20><0x20><0x20><0x20><0x20><0x20><0x20><0x20><0x20><0x20><0x20><0x20><0x20><0x20><0x20><0x20><0x20><0x20><0x20><0x20><0x20><0x20><0x20><0x20><0x20><0x20><0x20><0x20><0x0D><0x20><0x0D><0x1B><0x5B><0x3F><0x32><0x30><0x30><0x34><0x68><0x67><0x21><0x20><0x20><0x20><0x20><0x20><0x20><0x20><0x20><0x20><0x20><0x20><0x20><0x20><0x20><0x20><0x20><0x20><0x20><0x20><0x20><0x20><0x20><0x20><0x20><0x20><0x20><0x20><0x20><0x20><0x20><0x20><0x20><0x20><0x20><0x20><0x20><0x20><0x20><0x20><0x20><0x20><0x20><0x20><0x20><0x20><0x20><0x20><0x20><0x20><0x20><0x20><0x20><0x20><0x20><0x20><0x20><0x20><0x20><0x20><0x20><0x20><0x20><0x20><0x20><0x20><0x20><0x20><0x20><0x20><0x20><0x20><0x20><0x20><0x20><0x20><0x20><0x20><0x20><0x20><0x20><0x20><0x20><0x20><0x20><0x20><0x20><0x20><0x20><0x20><0x20><0x20><0x20><0x20><0x20><0x20><0x20><0x20><0x20><0x20><0x20><0x20><0x20><0x20><0x20><0x20><0x20><0x20><0x20><0x20><0x20><0x20><0x20><0x20><0x20><0x20><0x20><0x20><0x20><0x20><0x20><0x20><0x20><0x20><0x20><0x20><0x20><0x20><0x20><0x20><0x20><0x20><0x20><0x20><0x20><0x20><0x20><0x20><0x20><0x20><0x20><0x20><0x20><0x20><0x20><0x20><0x20><0x20><0x20><0x20><0x20><0x20><0x20><0x20><0x20><0x20><0x20><0x20><0x20><0x20><0x20><0x20><0x20><0x20><0x20><0x20><0x20><0x20><0x20><0x20><0x1B><0x5B><0x33><0x36><0x6D><0x31><0x36><0x3A><0x30><0x35><0x3A><0x32><0x32><0x1B><0x5B><0x30><0x6D><0x0D><0x1B><0x5B><0x33><0x43>]
===[Client]==============================================[size=00001]===
0000  04                                                .               
------------------------------------------------------------------------
CLIENT DATA:  [<0x04>]
===[Server]==============================================[size=00014]===
0000  0D 0D 0A 1B 5B 3F 31 6C  1B 3E 1B 5B 3F 31        ....[?1l.>.[?1  
------------------------------------------------------------------------
SERVER DATA: 
[<0x0D><0x0D><0x0A>
<0x1B><0x5B><0x3F><0x31><0x6C><0x1B><0x3E><0x1B><0x5B><0x3F><0x31>]
===[Server]==============================================[size=00003]===
0000  30 30 30                                          000             
------------------------------------------------------------------------
SERVER DATA: 000 [<0x30><0x30><0x30>]
===[Server]==============================================[size=00009]===
0000  6C 1B 5B 3F 32 30 30 34  6C                       l.[?2004l       
------------------------------------------------------------------------
SERVER DATA: l [<0x6C><0x1B><0x5B><0x3F><0x32><0x30><0x30><0x34><0x6C>]
===[Server]==============================================[size=00003]===
0000  FF FD 12                                          ...             
------------------------------------------------------------------------
SERVER IAC DO 18 (LOGOUT)
SERVER DISCONNECTED
BOTH CONNECTIONS CLOSED
