marcond@NCC-1701-E:~/My Lab/lucidj-ladmin/shell/hacking$ ./run.sh 
Test using: telnet localhost 7023
LISTENING ON PORT 7023
CLIENT CONNECTION RECEIVED
SERVER CONNECTION ESTABLISHED
===[Server]==============================================[size=00003]===
0000  FF FB 01                                          ...             
------------------------------------------------------------------------
SERVER IAC WILL 1 (ECHO)
===[Server]==============================================[size=00006]===
0000  FF FE 01 FF FD 1F                                 ......          
------------------------------------------------------------------------
SERVER IAC DONT 1 (ECHO)
SERVER IAC DO 31 (NAWS)
===[Client]==============================================[size=00015]===
0000  FF FD 01 FF FB 1F FF FA  1F 00 85 00 3C FF F0     ............<.. 
------------------------------------------------------------------------
CLIENT IAC DO 1 (ECHO)
CLIENT IAC WILL 31 (NAWS)
CLIENT SUB 31 (NAWS) [4 bytes]:  [<0x00><0x85><0x00><0x3C>]
===[Server]==============================================[size=00003]===
0000  FF FB 03                                          ...             
------------------------------------------------------------------------
SERVER IAC WILL 3 (SGA)
===[Client]==============================================[size=00003]===
0000  FF FD 03                                          ...             
------------------------------------------------------------------------
CLIENT IAC DO 3 (SGA)
===[Server]==============================================[size=00009]===
0000  FF FD 03 FF FD 18 FF FD  27                       ........'       
------------------------------------------------------------------------
SERVER IAC DO 3 (SGA)
SERVER IAC DO 24 (TTYPE)
SERVER IAC DO 39 (NEW-ENVIRON)
===[Client]==============================================[size=00006]===
0000  FF FB 03 FF FB 18                                 ......          
------------------------------------------------------------------------
CLIENT IAC WILL 3 (SGA)
CLIENT IAC WILL 24 (TTYPE)
===[Client]==============================================[size=00003]===
0000  FF FB 27                                          ..'             
------------------------------------------------------------------------
CLIENT IAC WILL 39 (NEW-ENVIRON)
===[Server]==============================================[size=00006]===
0000  FF FA 18 01 FF F0                                 ......          
------------------------------------------------------------------------
SERVER SUB 24 (TTYPE) [1 bytes]:  [<0x01>]
SERVER TTYPE SEND ===[Server]==============================================[size=00008]===
0000  FF FA 27 01 00 03 FF F0                           ..'.....        
------------------------------------------------------------------------
SERVER SUB 39 (NEW-ENVIRON) [3 bytes]:  [<0x01><0x00><0x03>]
SERVER ENVIRON (SEND) [2 parts] VAR " [] USERVAR " []
===[Client]==============================================[size=00011]===
0000  FF FA 18 00 78 74 65 72  6D FF F0                 ....xterm..     
------------------------------------------------------------------------
CLIENT SUB 24 (TTYPE) [6 bytes]:  [<0x00><0x78><0x74><0x65><0x72><0x6D>]
CLIENT TTYPE IS xterm===[Client]==============================================[size=00006]===
0000  FF FA 27 00 FF F0                                 ..'...          
------------------------------------------------------------------------
CLIENT SUB 39 (NEW-ENVIRON) [1 bytes]:  [<0x00>]
CLIENT ENVIRON (IS) [0 parts]
===[Server]==============================================[size=00001]===
0000  5F                                                _               
------------------------------------------------------------------------
SERVER DATA: _ [<0x5F>]
===[Server]==============================================[size=00368]===
0000  5F 5F 5F 5F 5F 5F 5F 5F  5F 5F 5F 5F 5F 5F 5F 5F  ________________
0010  5F 5F 5F 5F 5F 5F 5F 5F  5F 5F 5F 0D 0A 57 65 6C  ___________..Wel
0020  63 6F 6D 65 20 74 6F 20  41 70 61 63 68 65 20 46  come to Apache F
0030  65 6C 69 78 20 47 6F 67  6F 0D 0A 0D 0A 1B 5B 3F  elix Gogo.....[?
0040  31 68 1B 3D 1B 5B 33 36  6D 7E 1B 5B 30 6D 20 20  1h.=.[36m~.[0m  
0050  20 20 20 20 20 20 20 20  20 20 20 20 20 20 20 20                  
0060  20 20 20 20 20 20 20 20  20 20 20 20 20 20 20 20                  
0070  20 20 20 20 20 20 20 20  20 20 20 20 20 20 20 20                  
0080  20 20 20 20 20 20 20 20  20 20 20 20 20 20 20 20                  
0090  20 20 20 20 20 20 20 20  20 20 20 20 20 20 20 20                  
00A0  20 20 20 20 20 20 20 20  20 20 20 20 20 20 20 20                  
00B0  20 20 20 20 20 20 20 20  20 20 20 20 20 20 20 20                  
00C0  20 20 20 20 20 20 20 20  20 20 20 20 20 20 20 20                  
00D0  20 20 0D 20 0D 1B 5B 3F  32 30 30 34 68 67 21 20    . ..[?2004hg! 
00E0  20 20 20 20 20 20 20 20  20 20 20 20 20 20 20 20                  
00F0  20 20 20 20 20 20 20 20  20 20 20 20 20 20 20 20                  
0100  20 20 20 20 20 20 20 20  20 20 20 20 20 20 20 20                  
0110  20 20 20 20 20 20 20 20  20 20 20 20 20 20 20 20                  
0120  20 20 20 20 20 20 20 20  20 20 20 20 20 20 20 20                  
0130  20 20 20 20 20 20 20 20  20 20 20 20 20 20 20 20                  
0140  20 20 20 20 20 20 20 20  20 20 20 20 20 20 20 20                  
0150  20 20 20 20 20 20 20 20  20 20 1B 5B 33 36 6D 30            .[36m0
0160  37 3A 34 36 3A 33 36 1B  5B 30 6D 0D 1B 5B 33 43  7:46:36.[0m..[3C
------------------------------------------------------------------------
SERVER DATA: ___________________________
Welcome to Apache Felix Gogo

g!  [<0x5F><0x5F><0x5F><0x5F><0x5F><0x5F><0x5F><0x5F><0x5F><0x5F><0x5F><0x5F><0x5F><0x5F><0x5F><0x5F><0x5F><0x5F><0x5F><0x5F><0x5F><0x5F><0x5F><0x5F><0x5F><0x5F><0x5F><0x0D><0x0A>
<0x57><0x65><0x6C><0x63><0x6F><0x6D><0x65><0x20><0x74><0x6F><0x20><0x41><0x70><0x61><0x63><0x68><0x65><0x20><0x46><0x65><0x6C><0x69><0x78><0x20><0x47><0x6F><0x67><0x6F><0x0D><0x0A>
<0x0D><0x0A>
<0x1B><0x5B><0x3F><0x31><0x68><0x1B><0x3D><0x1B><0x5B><0x33><0x36><0x6D><0x7E><0x1B><0x5B><0x30><0x6D><0x20><0x20><0x20><0x20><0x20><0x20><0x20><0x20><0x20><0x20><0x20><0x20><0x20><0x20><0x20><0x20><0x20><0x20><0x20><0x20><0x20><0x20><0x20><0x20><0x20><0x20><0x20><0x20><0x20><0x20><0x20><0x20><0x20><0x20><0x20><0x20><0x20><0x20><0x20><0x20><0x20><0x20><0x20><0x20><0x20><0x20><0x20><0x20><0x20><0x20><0x20><0x20><0x20><0x20><0x20><0x20><0x20><0x20><0x20><0x20><0x20><0x20><0x20><0x20><0x20><0x20><0x20><0x20><0x20><0x20><0x20><0x20><0x20><0x20><0x20><0x20><0x20><0x20><0x20><0x20><0x20><0x20><0x20><0x20><0x20><0x20><0x20><0x20><0x20><0x20><0x20><0x20><0x20><0x20><0x20><0x20><0x20><0x20><0x20><0x20><0x20><0x20><0x20><0x20><0x20><0x20><0x20><0x20><0x20><0x20><0x20><0x20><0x20><0x20><0x20><0x20><0x20><0x20><0x20><0x20><0x20><0x20><0x20><0x20><0x20><0x20><0x20><0x20><0x20><0x20><0x20><0x20><0x0D><0x20><0x0D><0x1B><0x5B><0x3F><0x32><0x30><0x30><0x34><0x68><0x67><0x21><0x20><0x20><0x20><0x20><0x20><0x20><0x20><0x20><0x20><0x20><0x20><0x20><0x20><0x20><0x20><0x20><0x20><0x20><0x20><0x20><0x20><0x20><0x20><0x20><0x20><0x20><0x20><0x20><0x20><0x20><0x20><0x20><0x20><0x20><0x20><0x20><0x20><0x20><0x20><0x20><0x20><0x20><0x20><0x20><0x20><0x20><0x20><0x20><0x20><0x20><0x20><0x20><0x20><0x20><0x20><0x20><0x20><0x20><0x20><0x20><0x20><0x20><0x20><0x20><0x20><0x20><0x20><0x20><0x20><0x20><0x20><0x20><0x20><0x20><0x20><0x20><0x20><0x20><0x20><0x20><0x20><0x20><0x20><0x20><0x20><0x20><0x20><0x20><0x20><0x20><0x20><0x20><0x20><0x20><0x20><0x20><0x20><0x20><0x20><0x20><0x20><0x20><0x20><0x20><0x20><0x20><0x20><0x20><0x20><0x20><0x20><0x20><0x20><0x20><0x20><0x20><0x20><0x20><0x20><0x20><0x20><0x20><0x20><0x1B><0x5B><0x33><0x36><0x6D><0x30><0x37><0x3A><0x34><0x36><0x3A><0x33><0x36><0x1B><0x5B><0x30><0x6D><0x0D><0x1B><0x5B><0x33><0x43>]
===[Client]==============================================[size=00002]===
0000  0D 00                                             ..              
------------------------------------------------------------------------
 [<0x0D><0x00>]
===[Server]==============================================[size=00017]===
0000  0D 0D 0A 1B 5B 3F 31 6C  1B 3E 1B 5B 3F 31 30 30  ....[?1l.>.[?100
0010  30                                                0               
------------------------------------------------------------------------
SERVER DATA: 
[<0x0D><0x0D><0x0A>
<0x1B><0x5B><0x3F><0x31><0x6C><0x1B><0x3E><0x1B><0x5B><0x3F><0x31><0x30><0x30><0x30>]
===[Server]==============================================[size=00009]===
0000  6C 1B 5B 3F 32 30 30 34  6C                       l.[?2004l       
------------------------------------------------------------------------
SERVER DATA: l [<0x6C><0x1B><0x5B><0x3F><0x32><0x30><0x30><0x34><0x6C>]
===[Server]==============================================[size=00001]===
0000  1B                                                .               
------------------------------------------------------------------------
SERVER DATA: [<0x1B>]
===[Server]==============================================[size=00006]===
0000  5B 3F 31 68 1B 3D                                 [?1h.=          
------------------------------------------------------------------------
SERVER DATA: [?1h [<0x5B><0x3F><0x31><0x68><0x1B><0x3D>]
===[Server]==============================================[size=00032]===
0000  1B 5B 33 36 6D 7E 1B 5B  30 6D 20 20 20 20 20 20  .[36m~.[0m      
0010  20 20 20 20 20 20 20 20  20 20 20 20 20 20 20 20                  
------------------------------------------------------------------------
SERVER DATA: ~                       [<0x1B><0x5B><0x33><0x36><0x6D><0x7E><0x1B><0x5B><0x30><0x6D><0x20><0x20><0x20><0x20><0x20><0x20><0x20><0x20><0x20><0x20><0x20><0x20><0x20><0x20><0x20><0x20><0x20><0x20><0x20><0x20><0x20><0x20>]
===[Server]==============================================[size=00034]===
0000  20 20 20 20 20 20 20 20  20 20 20 20 20 20 20 20                  
0010  20 20 20 20 20 20 20 20  20 20 20 20 20 20 20 20                  
0020  20 20                                                             
------------------------------------------------------------------------
SERVER DATA:                                    [<0x20><0x20><0x20><0x20><0x20><0x20><0x20><0x20><0x20><0x20><0x20><0x20><0x20><0x20><0x20><0x20><0x20><0x20><0x20><0x20><0x20><0x20><0x20><0x20><0x20><0x20><0x20><0x20><0x20><0x20><0x20><0x20><0x20><0x20>]
===[Server]==============================================[size=00040]===
0000  20 20 20 20 20 20 20 20  20 20 20 20 20 20 20 20                  
0010  20 20 20 20 20 20 20 20  20 20 20 20 20 20 20 20                  
0020  20 20 20 20 20 20 20 20                                           
------------------------------------------------------------------------
SERVER DATA:                                          [<0x20><0x20><0x20><0x20><0x20><0x20><0x20><0x20><0x20><0x20><0x20><0x20><0x20><0x20><0x20><0x20><0x20><0x20><0x20><0x20><0x20><0x20><0x20><0x20><0x20><0x20><0x20><0x20><0x20><0x20><0x20><0x20><0x20><0x20><0x20><0x20><0x20><0x20><0x20><0x20>]
===[Server]==============================================[size=00043]===
0000  20 20 20 20 20 20 20 20  20 20 20 20 20 20 20 20                  
0010  20 20 20 20 20 20 20 20  20 20 20 20 20 20 20 20                  
0020  20 20 20 20 0D 20 0D 1B  5B 3F 32                     . ..[?2     
------------------------------------------------------------------------
[<0x20><0x20><0x20><0x20><0x20><0x20><0x20><0x20><0x20><0x20><0x20><0x20><0x20><0x20><0x20><0x20><0x20><0x20><0x20><0x20><0x20><0x20><0x20><0x20><0x20><0x20><0x20><0x20><0x20><0x20><0x20><0x20><0x20><0x20><0x20><0x20><0x0D><0x20><0x0D><0x1B><0x5B><0x3F><0x32>]
===[Server]==============================================[size=00043]===
0000  30 30 34 68 67 21 20 20  20 20 20 20 20 20 20 20  004hg!          
0010  20 20 20 20 20 20 20 20  20 20 20 20 20 20 20 20                  
0020  20 20 20 20 20 20 20 20  20 20 20                                 
------------------------------------------------------------------------
SERVER DATA: 004hg!                                      [<0x30><0x30><0x34><0x68><0x67><0x21><0x20><0x20><0x20><0x20><0x20><0x20><0x20><0x20><0x20><0x20><0x20><0x20><0x20><0x20><0x20><0x20><0x20><0x20><0x20><0x20><0x20><0x20><0x20><0x20><0x20><0x20><0x20><0x20><0x20><0x20><0x20><0x20><0x20><0x20><0x20><0x20><0x20>]
===[Server]==============================================[size=00045]===
0000  20 20 20 20 20 20 20 20  20 20 20 20 20 20 20 20                  
0010  20 20 20 20 20 20 20 20  20 20 20 20 20 20 20 20                  
0020  20 20 20 20 20 20 20 20  20 20 20 20 20                           
------------------------------------------------------------------------
SERVER DATA:                                               [<0x20><0x20><0x20><0x20><0x20><0x20><0x20><0x20><0x20><0x20><0x20><0x20><0x20><0x20><0x20><0x20><0x20><0x20><0x20><0x20><0x20><0x20><0x20><0x20><0x20><0x20><0x20><0x20><0x20><0x20><0x20><0x20><0x20><0x20><0x20><0x20><0x20><0x20><0x20><0x20><0x20><0x20><0x20><0x20><0x20>]
===[Server]==============================================[size=00045]===
0000  20 20 20 20 20 20 20 20  20 20 20 20 20 20 20 20                  
0010  20 20 20 20 20 20 20 20  20 20 20 20 20 20 20 20                  
0020  20 20 20 20 20 20 20 20  20 1B 5B 33 36                    .[36   
------------------------------------------------------------------------
SERVER DATA:                                          [<0x20><0x20><0x20><0x20><0x20><0x20><0x20><0x20><0x20><0x20><0x20><0x20><0x20><0x20><0x20><0x20><0x20><0x20><0x20><0x20><0x20><0x20><0x20><0x20><0x20><0x20><0x20><0x20><0x20><0x20><0x20><0x20><0x20><0x20><0x20><0x20><0x20><0x20><0x20><0x20><0x20><0x1B><0x5B><0x33><0x36>]
===[Server]==============================================[size=00018]===
0000  6D 30 37 3A 34 36 3A 33  38 1B 5B 30 6D 0D 1B 5B  m07:46:38.[0m..[
0010  33 43                                             3C              
------------------------------------------------------------------------
SER [<0x6D><0x30><0x37><0x3A><0x34><0x36><0x3A><0x33><0x38><0x1B><0x5B><0x30><0x6D><0x0D><0x1B><0x5B><0x33><0x43>]
===[Client]==============================================[size=00001]===
0000  6C                                                l               
------------------------------------------------------------------------
CLIENT DATA: l [<0x6C>]
===[Server]==============================================[size=00001]===
0000  1B                                                .               
------------------------------------------------------------------------
SERVER DATA: [<0x1B>]
===[Server]==============================================[size=00006]===
0000  5B 33 31 6D 6C 1B                                 [31ml.          
------------------------------------------------------------------------
SERVER DATA: [31ml[<0x5B><0x33><0x31><0x6D><0x6C><0x1B>]
===[Server]==============================================[size=00003]===
0000  5B 30 6D                                          [0m             
------------------------------------------------------------------------
SERVER DATA: [0m [<0x5B><0x30><0x6D>]
===[Client]==============================================[size=00001]===
0000  73                                                s               
------------------------------------------------------------------------
CLIENT DATA: s [<0x73>]
===[Server]==============================================[size=00001]===
0000  08                                                .               
------------------------------------------------------------------------
SERVER DATA: [<0x08>]
===[Server]==============================================[size=00005]===
0000  1B 5B 33 34 6D                                    .[34m           
------------------------------------------------------------------------
SERVER DATA:  [<0x1B><0x5B><0x33><0x34><0x6D>]
===[Server]==============================================[size=00006]===
0000  6C 73 1B 5B 30 6D                                 ls.[0m          
------------------------------------------------------------------------
SERVER DATA: ls [<0x6C><0x73><0x1B><0x5B><0x30><0x6D>]
===[Client]==============================================[size=00002]===
0000  0D 00                                             ..              
------------------------------------------------------------------------
 [<0x0D><0x00>]
===[Server]==============================================[size=00001]===
0000  0D                                                .               
------------------------------------------------------------------------
 [<0x0D>]TA: 
===[Server]==============================================[size=00006]===
0000  0D 0A 1B 5B 3F 31                                 ...[?1          
------------------------------------------------------------------------
SERVER DATA: 
[<0x0D><0x0A>
<0x1B><0x5B><0x3F><0x31>]
===[Server]==============================================[size=00005]===
0000  6C 1B 3E 1B 5B                                    l.>.[           
------------------------------------------------------------------------
SERVER DATA: l[<0x6C><0x1B><0x3E><0x1B><0x5B>]
===[Server]==============================================[size=00005]===
0000  3F 31 30 30 30                                    ?1000           
------------------------------------------------------------------------
SERVER DATA: ?1000 [<0x3F><0x31><0x30><0x30><0x30>]
===[Server]==============================================[size=00006]===
0000  6C 1B 5B 3F 32 30                                 l.[?20          
------------------------------------------------------------------------
SERVER DATA: l[<0x6C><0x1B><0x5B><0x3F><0x32><0x30>]
===[Server]==============================================[size=00003]===
0000  30 34 6C                                          04l             
------------------------------------------------------------------------
SERVER DATA: 04l [<0x30><0x34><0x6C>]
===[Server]==============================================[size=00001]===
0000  4C                                                L               
------------------------------------------------------------------------
SERVER DATA: L [<0x4C>]
===[Server]==============================================[size=00004]===
0000  49 43 45 4E                                       ICEN            
------------------------------------------------------------------------
SERVER DATA: ICEN [<0x49><0x43><0x45><0x4E>]
===[Server]==============================================[size=00030]===
0000  53 45 20 20 20 20 20 20  20 20 20 1B 5B 31 3B 33  SE         .[1;3
0010  31 6D 62 6F 6F 74 73 74  72 61 70 1B 5B 30        1mbootstrap.[0  
------------------------------------------------------------------------
SERVER DATA: SE         bootstrap[<0x53><0x45><0x20><0x20><0x20><0x20><0x20><0x20><0x20><0x20><0x20><0x1B><0x5B><0x31><0x3B><0x33><0x31><0x6D><0x62><0x6F><0x6F><0x74><0x73><0x74><0x72><0x61><0x70><0x1B><0x5B><0x30>]
===[Server]==============================================[size=00033]===
0000  6D 20 20 20 20 20 20 20  1B 5B 31 3B 33 31 6D 63  m       .[1;31mc
0010  61 63 68 65 1B 5B 30 6D  20 20 20 20 20 20 20 20  ache.[0m        
0020  20                                                                
------------------------------------------------------------------------
SERVER DATA: m       cache          [<0x6D><0x20><0x20><0x20><0x20><0x20><0x20><0x20><0x1B><0x5B><0x31><0x3B><0x33><0x31><0x6D><0x63><0x61><0x63><0x68><0x65><0x1B><0x5B><0x30><0x6D><0x20><0x20><0x20><0x20><0x20><0x20><0x20><0x20><0x20>]
===[Server]==============================================[size=00037]===
0000  20 20 1B 5B 31 3B 33 31  6D 6B 65 72 6E 65 6C 1B    .[1;31mkernel.
0010  5B 30 6D 20 20 20 20 20  20 20 20 20 20 1B 5B 31  [0m          .[1
0020  3B 33 31 6D 73                                    ;31ms           
------------------------------------------------------------------------
SERVER DATA:   kernel          s [<0x20><0x20><0x1B><0x5B><0x31><0x3B><0x33><0x31><0x6D><0x6B><0x65><0x72><0x6E><0x65><0x6C><0x1B><0x5B><0x30><0x6D><0x20><0x20><0x20><0x20><0x20><0x20><0x20><0x20><0x20><0x20><0x1B><0x5B><0x31><0x3B><0x33><0x31><0x6D><0x73>]
===[Server]==============================================[size=00021]===
0000  74 61 67 65 2D 74 65 6D  70 6C 61 74 65 73 1B 5B  tage-templates.[
0010  30 6D 0D 0A 52                                    0m..R           
------------------------------------------------------------------------
SERVER DATA: tage-templates
R [<0x74><0x61><0x67><0x65><0x2D><0x74><0x65><0x6D><0x70><0x6C><0x61><0x74><0x65><0x73><0x1B><0x5B><0x30><0x6D><0x0D><0x0A>
<0x52>]
===[Server]==============================================[size=00042]===
0000  45 41 44 4D 45 2E 61 64  6F 63 20 20 20 20 20 62  EADME.adoc     b
0010  75 69 6C 64 2E 78 6D 6C  20 20 20 20 20 20 20 63  uild.xml       c
0020  6F 6E 66 69 67 75 72 65  2E 78                    onfigure.x      
------------------------------------------------------------------------
SERVER DATA: EADME.adoc     build.xml       configure.x [<0x45><0x41><0x44><0x4D><0x45><0x2E><0x61><0x64><0x6F><0x63><0x20><0x20><0x20><0x20><0x20><0x62><0x75><0x69><0x6C><0x64><0x2E><0x78><0x6D><0x6C><0x20><0x20><0x20><0x20><0x20><0x20><0x20><0x63><0x6F><0x6E><0x66><0x69><0x67><0x75><0x72><0x65><0x2E><0x78>]
===[Server]==============================================[size=00028]===
0000  6D 6C 20 20 20 1B 5B 31  3B 33 31 6D 73 74 61 67  ml   .[1;31mstag
0010  65 1B 5B 30 6D 20 20 20  20 20 20 20              e.[0m           
------------------------------------------------------------------------
SERVER DATA: ml   stage        [<0x6D><0x6C><0x20><0x20><0x20><0x1B><0x5B><0x31><0x3B><0x33><0x31><0x6D><0x73><0x74><0x61><0x67><0x65><0x1B><0x5B><0x30><0x6D><0x20><0x20><0x20><0x20><0x20><0x20><0x20>]
===[Server]==============================================[size=00009]===
0000  20 20 20 20 1B 5B 31 3B  33                           .[1;3       
------------------------------------------------------------------------
SERVER DATA:     [<0x20><0x20><0x20><0x20><0x1B><0x5B><0x31><0x3B><0x33>]
===[Server]==============================================[size=00013]===
0000  31 6D 74 65 6C 6E 65 74  64 1B 5B 30 6D           1mtelnetd.[0m   
------------------------------------------------------------------------
SERVER DATA: 1mtelnetd [<0x31><0x6D><0x74><0x65><0x6C><0x6E><0x65><0x74><0x64><0x1B><0x5B><0x30><0x6D>]
===[Server]==============================================[size=00002]===
0000  0D 0A                                             ..              
------------------------------------------------------------------------
SERVER DATA: 
 [<0x0D><0x0A>
]
===[Server]==============================================[size=00001]===
0000  1B                                                .               
------------------------------------------------------------------------
SERVER DATA: [<0x1B>]
===[Server]==============================================[size=00010]===
0000  5B 3F 31 68 1B 3D 1B 5B  33 36                    [?1h.=.[36      
------------------------------------------------------------------------
SERVER DATA: [?1h[<0x5B><0x3F><0x31><0x68><0x1B><0x3D><0x1B><0x5B><0x33><0x36>]
===[Server]==============================================[size=00024]===
0000  6D 7E 1B 5B 30 6D 20 20  20 20 20 20 20 20 20 20  m~.[0m          
0010  20 20 20 20 20 20 20 20                                           
------------------------------------------------------------------------
SERVER DATA: m~                   [<0x6D><0x7E><0x1B><0x5B><0x30><0x6D><0x20><0x20><0x20><0x20><0x20><0x20><0x20><0x20><0x20><0x20><0x20><0x20><0x20><0x20><0x20><0x20><0x20><0x20>]
===[Server]==============================================[size=00016]===
0000  20 20 20 20 20 20 20 20  20 20 20 20 20 20 20 20                  
------------------------------------------------------------------------
SERVER DATA:                  [<0x20><0x20><0x20><0x20><0x20><0x20><0x20><0x20><0x20><0x20><0x20><0x20><0x20><0x20><0x20><0x20>]
===[Server]==============================================[size=00014]===
0000  20 20 20 20 20 20 20 20  20 20 20 20 20 20                        
------------------------------------------------------------------------
SERVER DATA:                [<0x20><0x20><0x20><0x20><0x20><0x20><0x20><0x20><0x20><0x20><0x20><0x20><0x20><0x20>]
===[Server]==============================================[size=00015]===
0000  20 20 20 20 20 20 20 20  20 20 20 20 20 20 20                     
------------------------------------------------------------------------
SERVER DATA:                 [<0x20><0x20><0x20><0x20><0x20><0x20><0x20><0x20><0x20><0x20><0x20><0x20><0x20><0x20><0x20>]
===[Server]==============================================[size=00016]===
0000  20 20 20 20 20 20 20 20  20 20 20 20 20 20 20 20                  
------------------------------------------------------------------------
SERVER DATA:                  [<0x20><0x20><0x20><0x20><0x20><0x20><0x20><0x20><0x20><0x20><0x20><0x20><0x20><0x20><0x20><0x20>]
===[Server]==============================================[size=00009]===
0000  20 20 20 20 20 20 20 20  20                                       
------------------------------------------------------------------------
SERVER DATA:           [<0x20><0x20><0x20><0x20><0x20><0x20><0x20><0x20><0x20>]
===[Server]==============================================[size=00016]===
0000  20 20 20 20 20 20 20 20  20 20 20 20 20 20 20 20                  
------------------------------------------------------------------------
SERVER DATA:                  [<0x20><0x20><0x20><0x20><0x20><0x20><0x20><0x20><0x20><0x20><0x20><0x20><0x20><0x20><0x20><0x20>]
===[Server]==============================================[size=00015]===
0000  20 20 20 20 20 20 20 20  20 20 20 20 20 20 20                     
------------------------------------------------------------------------
SERVER DATA:                 [<0x20><0x20><0x20><0x20><0x20><0x20><0x20><0x20><0x20><0x20><0x20><0x20><0x20><0x20><0x20>]
===[Server]==============================================[size=00016]===
0000  20 20 20 20 20 20 20 20  20 20 20 20 20 0D 20 0D               . .
------------------------------------------------------------------------
 [<0x20><0x20><0x20><0x20><0x20><0x20><0x20><0x20><0x20><0x20><0x20><0x20><0x20><0x0D><0x20><0x0D>]
===[Server]==============================================[size=00011]===
0000  1B 5B 3F 32 30 30 34 68  67 21 20                 .[?2004hg!      
------------------------------------------------------------------------
SERVER DATA: g!  [<0x1B><0x5B><0x3F><0x32><0x30><0x30><0x34><0x68><0x67><0x21><0x20>]
===[Server]==============================================[size=00015]===
0000  20 20 20 20 20 20 20 20  20 20 20 20 20 20 20                     
------------------------------------------------------------------------
SERVER DATA:                 [<0x20><0x20><0x20><0x20><0x20><0x20><0x20><0x20><0x20><0x20><0x20><0x20><0x20><0x20><0x20>]
===[Server]==============================================[size=00014]===
0000  20 20 20 20 20 20 20 20  20 20 20 20 20 20                        
------------------------------------------------------------------------
SERVER DATA:                [<0x20><0x20><0x20><0x20><0x20><0x20><0x20><0x20><0x20><0x20><0x20><0x20><0x20><0x20>]
===[Server]==============================================[size=00012]===
0000  20 20 20 20 20 20 20 20  20 20 20 20                              
------------------------------------------------------------------------
SERVER DATA:              [<0x20><0x20><0x20><0x20><0x20><0x20><0x20><0x20><0x20><0x20><0x20><0x20>]
===[Server]==============================================[size=00011]===
0000  20 20 20 20 20 20 20 20  20 20 20                                 
------------------------------------------------------------------------
SERVER DATA:             [<0x20><0x20><0x20><0x20><0x20><0x20><0x20><0x20><0x20><0x20><0x20>]
===[Server]==============================================[size=00016]===
0000  20 20 20 20 20 20 20 20  20 20 20 20 20 20 20 20                  
------------------------------------------------------------------------
SERVER DATA:                  [<0x20><0x20><0x20><0x20><0x20><0x20><0x20><0x20><0x20><0x20><0x20><0x20><0x20><0x20><0x20><0x20>]
===[Server]==============================================[size=00016]===
0000  20 20 20 20 20 20 20 20  20 20 20 20 20 20 20 20                  
------------------------------------------------------------------------
SERVER DATA:                  [<0x20><0x20><0x20><0x20><0x20><0x20><0x20><0x20><0x20><0x20><0x20><0x20><0x20><0x20><0x20><0x20>]
===[Server]==============================================[size=00016]===
0000  20 20 20 20 20 20 20 20  20 20 20 20 20 20 20 20                  
------------------------------------------------------------------------
SERVER DATA:                  [<0x20><0x20><0x20><0x20><0x20><0x20><0x20><0x20><0x20><0x20><0x20><0x20><0x20><0x20><0x20><0x20>]
===[Server]==============================================[size=00009]===
0000  20 20 20 20 20 20 20 20  20                                       
------------------------------------------------------------------------
SERVER DATA:           [<0x20><0x20><0x20><0x20><0x20><0x20><0x20><0x20><0x20>]
===[Server]==============================================[size=00016]===
0000  20 20 20 20 20 20 20 20  20 20 20 20 20 1B 5B 33               .[3
------------------------------------------------------------------------
SERVER DATA:              [<0x20><0x20><0x20><0x20><0x20><0x20><0x20><0x20><0x20><0x20><0x20><0x20><0x20><0x1B><0x5B><0x33>]
===[Server]==============================================[size=00014]===
0000  36 6D 30 37 3A 34 36 3A  35 30 1B 5B 30 6D        6m07:46:50.[0m  
------------------------------------------------------------------------
SERVER DATA: 6m07:46:50 [<0x36><0x6D><0x30><0x37><0x3A><0x34><0x36><0x3A><0x35><0x30><0x1B><0x5B><0x30><0x6D>]
===[Server]==============================================[size=00005]===
0000  0D 1B 5B 33 43                                    ..[3C           
------------------------------------------------------------------------
SER [<0x0D><0x1B><0x5B><0x33><0x43>]
===[Client]==============================================[size=00001]===
0000  04                                                .               
------------------------------------------------------------------------
CLIENT DATA:  [<0x04>]
===[Server]==============================================[size=00017]===
0000  0D 0D 0A 1B 5B 3F 31 6C  1B 3E 1B 5B 3F 31 30 30  ....[?1l.>.[?100
0010  30                                                0               
------------------------------------------------------------------------
SERVER DATA: 
[<0x0D><0x0D><0x0A>
<0x1B><0x5B><0x3F><0x31><0x6C><0x1B><0x3E><0x1B><0x5B><0x3F><0x31><0x30><0x30><0x30>]
===[Server]==============================================[size=00009]===
0000  6C 1B 5B 3F 32 30 30 34  6C                       l.[?2004l       
------------------------------------------------------------------------
SERVER DATA: l [<0x6C><0x1B><0x5B><0x3F><0x32><0x30><0x30><0x34><0x6C>]
===[Server]==============================================[size=00003]===
0000  FF FD 12                                          ...             
------------------------------------------------------------------------
SERVER IAC DO 18 (LOGOUT)
SERVER DISCONNECTED
BOTH CONNECTIONS CLOSED
LISTENING ON PORT 7023

